Time resolution is 1 ps
WARNING: File dummy.dat referenced from process on C:/CMPE140/Lab4/Lab4CMPE140/Lab4CMPE140.srcs/sources_1/imports/Lab4/ram.sv at line 15 cannot be opened for reading. Please ensure that this file is available in the current working directory.
i_extend: xxxxxxxxxxxxxxxxxxxxxxxxxxxxxxxx
ID/EX: xxxxxxxxxxxxxxxxxxxxxxxxxxxxxxxxxxxxxxxxxxxxxxxxxxxxxxxxxxxxxxxxxxxxxxxxxxxxxxxxxxxxxxxxxxxxxxxxxxxxxxxxx00000000000000000000000000000000
ID/EX[135:104]:xxxxxxxxxxxxxxxxxxxxxxxxxxxxxxxx
ID/EX[103:72]:xxxxxxxxxxxxxxxxxxxxxxxxxxxxxxxx
ID/EX[71:40]:xxxxxxxxxxxxxxxxxxxxxxxxxxxxxxxx
ID/EX[136]:x
alu_out = xxxxxxxxxxxxxxxxxxxxxxxxxxxxxxxx
i_extend: 00000000000000000000000000000101
ID/EX: 00000000000000000000000000000010100000000000000000000000000000000000000000000000000000000000000000000010100000000000000000000000000000100
ID/EX[135:104]:00000000000000000000000000000101
ID/EX[103:72]:00000000000000000000000000000000
ID/EX[71:40]:00000000000000000000000000000000
ID/EX[136]:0
alu_out = xxxxxxxxxxxxxxxxxxxxxxxxxxxxxxxx
i_extend: 11111111111111111111111111110110
ID/EX: 01111111111111111111111111111011000000000000000000000000000000000000000000000000000000000000000000000011000000000000000000000000000001000
ID/EX[135:104]:11111111111111111111111111110110
ID/EX[103:72]:00000000000000000000000000000000
ID/EX[71:40]:00000000000000000000000000000000
ID/EX[136]:0
alu_out = 00000000000000000000000000000101
i_extend: 00000000000000000000000000000011
ID/EX: 00000000000000000000000000000001100000000000000000000000000000000000000000000000000000000000000000000011100000000000000000000000000001100
ID/EX[135:104]:00000000000000000000000000000011
ID/EX[103:72]:00000000000000000000000000000000
ID/EX[71:40]:00000000000000000000000000000000
ID/EX[136]:0
alu_out = 11111111111111111111111111110110
i_extend: 11111111111111111111111111111111
ID/EX: 01111111111111111111111111111111100000000000000000000000000000000000000000000000000000000000000000001110000000000000000000000000000010000
ID/EX[135:104]:11111111111111111111111111111111
ID/EX[103:72]:00000000000000000000000000000000
ID/EX[71:40]:00000000000000000000000000000000
ID/EX[136]:0
alu_out = 00000000000000000000000000000011
i_extend: 00000000000000000000000000000101
ID/EX: 00000000000000000000000000000010100000000000000000000000000000000000000000000000000000000000000000001110100000000000000000000000000010100
ID/EX[135:104]:00000000000000000000000000000101
ID/EX[103:72]:00000000000000000000000000000000
ID/EX[71:40]:00000000000000000000000000000000
ID/EX[136]:0
alu_out = 11111111111111111111111111111111
i_extend: 00000000000000000000000000001011
ID/EX: 00000000000000000000000000000101100000000000000000000000000000000000000000000000000000000000000000001111000000000000000000000000000011000
ID/EX[135:104]:00000000000000000000000000001011
ID/EX[103:72]:00000000000000000000000000000000
ID/EX[71:40]:00000000000000000000000000000000
ID/EX[136]:0
alu_out = 00000000000000000000000000000101
i_extend: 11111111111111111111111111110101
ID/EX: 01111111111111111111111111111010100000000000000000000000000000000000000000000000000000000000000000001111100000000000000000000000000011100
ID/EX[135:104]:11111111111111111111111111110101
ID/EX[103:72]:00000000000000000000000000000000
ID/EX[71:40]:00000000000000000000000000000000
ID/EX[136]:0
alu_out = 00000000000000000000000000001011
i_extend: 11111111111111111111111111110101
ID/EX: 01111111111111111111111111111010100000000000000000000000000000000000000000000000000000000000000000001111100000000000000000000000000100000
ID/EX[135:104]:11111111111111111111111111110101
ID/EX[103:72]:00000000000000000000000000000000
ID/EX[71:40]:00000000000000000000000000000000
ID/EX[136]:0
alu_out = 11111111111111111111111111110101
i_extend: 11111111111111111111111111110101
ID/EX: 01111111111111111111111111111010100000000000000000000000000000000000000000000000000000000000000000001111100000000000000000000000000100100
ID/EX[135:104]:11111111111111111111111111110101
ID/EX[103:72]:00000000000000000000000000000000
ID/EX[71:40]:00000000000000000000000000000000
ID/EX[136]:0
alu_out = 111111111111